[0218/193029.775:ERROR:third_party\crashpad\crashpad\util\file\file_io_win.cc:202] LockFileEx: 잘못된 기능입니다. (0x1)
[0218/193029.778:ERROR:third_party\crashpad\crashpad\util\file\file_io_win.cc:202] LockFileEx: 잘못된 기능입니다. (0x1)
[0218/193029.779:ERROR:third_party\crashpad\crashpad\util\file\file_io_win.cc:202] LockFileEx: 잘못된 기능입니다. (0x1)
[0218/193029.783:ERROR:third_party\crashpad\crashpad\util\file\file_io_win.cc:202] LockFileEx: 잘못된 기능입니다. (0x1)
[1872:12140:0218/193029.923:ERROR:components\segmentation_platform\internal\database\ukm_database_backend.cc:148] Failed to open UKM database: 0 database is locked

DevTools listening on ws://127.0.0.1:43761/devtools/browser/f5e545f3-4952-476b-8bea-3ce83acf7037
[1872:6596:0218/193029.982:ERROR:content\browser\network_sandbox.cc:384] Failed to grant sandbox access to cache directory \\wsl.localhost\Ubuntu-24.04\home\theo\virtuals-dashboard\undefined\Users\undefined\AppData\Local\lighthouse.90179188\Default\Cache\Cache_Data: 잘못된 기능입니다. (0x1)
[1872:5584:0218/193029.986:ERROR:components\password_manager\core\browser\password_store\login_database.cc:1141] Unable to open the password store database.
[1872:2736:0218/193029.986:ERROR:components\password_manager\core\browser\password_store\login_database.cc:1141] Unable to open the password store database.
[1872:5584:0218/193029.986:ERROR:components\password_manager\core\browser\password_store\login_database_async_helper.cc:79] Could not create/open login database.
[1872:2736:0218/193029.986:ERROR:components\password_manager\core\browser\password_store\login_database_async_helper.cc:79] Could not create/open login database.
[1872:17592:0218/193029.995:ERROR:content\browser\network_sandbox.cc:489] Failed to grant sandbox access to network context data directory \\wsl.localhost\Ubuntu-24.04\home\theo\virtuals-dashboard\undefined\Users\undefined\AppData\Local\lighthouse.90179188\Default\Safe Browsing Network: 잘못된 기능입니다. (0x1)
[1872:6596:0218/193029.998:ERROR:content\browser\network_sandbox.cc:317] Failed to grant sandbox access to NoVarySearch directory \\wsl.localhost\Ubuntu-24.04\home\theo\virtuals-dashboard\undefined\Users\undefined\AppData\Local\lighthouse.90179188\Default\Cache\No_Vary_Search: 잘못된 기능입니다. (0x1)
[1872:6596:0218/193030.012:ERROR:content\browser\network_sandbox.cc:317] Failed to grant sandbox access to SharedDictionary directory \\wsl.localhost\Ubuntu-24.04\home\theo\virtuals-dashboard\undefined\Users\undefined\AppData\Local\lighthouse.90179188\Default\Shared Dictionary: 잘못된 기능입니다. (0x1)
[1872:6596:0218/193030.026:ERROR:content\browser\network_sandbox.cc:489] Failed to grant sandbox access to network context data directory \\wsl.localhost\Ubuntu-24.04\home\theo\virtuals-dashboard\undefined\Users\undefined\AppData\Local\lighthouse.90179188\Default\Network: 잘못된 기능입니다. (0x1)
[1872:17156:0218/193030.080:ERROR:content\browser\network_service_instance_impl.cc:243] Encountered error while migrating network context data or granting sandbox access for \\wsl.localhost\Ubuntu-24.04\home\theo\virtuals-dashboard\undefined\Users\undefined\AppData\Local\lighthouse.90179188\Default\Safe Browsing Network. Result: 6: 작업을 완료했습니다. (0x0)
[1872:17156:0218/193030.090:ERROR:content\browser\network_service_instance_impl.cc:243] Encountered error while migrating network context data or granting sandbox access for \\wsl.localhost\Ubuntu-24.04\home\theo\virtuals-dashboard\undefined\Users\undefined\AppData\Local\lighthouse.90179188\Default\Network. Result: 6: 작업을 완료했습니다. (0x0)
[1872:6596:0218/193030.097:ERROR:components\history\core\browser\top_sites_backend.cc:78] Failed to initialize database.
[1872:6488:0218/193039.041:ERROR:google_apis\gcm\engine\gcm_store_impl.cc:321] Failed to open database \\wsl.localhost\Ubuntu-24.04\home\theo\virtuals-dashboard\undefined\Users\undefined\AppData\Local\lighthouse.90179188\Default\GCM Store: IO error: \\wsl.localhost\Ubuntu-24.04\home\theo\virtuals-dashboard\undefined\Users\undefined\AppData\Local\lighthouse.90179188\Default\GCM Store/LOCK: No further details. (ChromeMethodBFE: 15::LockFile::1)
[1872:6488:0218/193040.071:ERROR:google_apis\gcm\engine\gcm_store_impl.cc:418] Destroy failed: IO error: \\wsl.localhost\Ubuntu-24.04\home\theo\virtuals-dashboard\undefined\Users\undefined\AppData\Local\lighthouse.90179188\Default\GCM Store/LOCK: No further details. (ChromeMethodBFE: 15::LockFile::1)
[1872:1072:0218/193040.071:ERROR:components\gcm_driver\gcm_client_impl.cc:759] Failed to reset GCM store
[1872:17156:0218/193430.731:ERROR:components\device_event_log\device_event_log_impl.cc:198] [19:34:30.724] FIDO: enclave_manager.cc:4282 Failed to write enclave state
[1872:17156:0218/203320.176:ERROR:components\device_event_log\device_event_log_impl.cc:198] [20:33:20.176] USB: usb_service_win.cc:105 SetupDiGetDeviceProperty({{A45C254E-DF1C-4EFD-8020-67D146A850E0}, 6}) failed: 요소가 없습니다. (0x490)
